<?xml version="1.0" encoding="UTF-8"?>
<testsuite name="com.game.GameTest" tests="1" skipped="0" failures="0" errors="0" timestamp="2021-07-26T14:59:35" hostname="CCI-AYSharma-L" time="0.021">
  <properties/>
  <testcase name="sortTest" classname="com.game.GameTest" time="0.021"/>
  <system-out><![CDATA[The test passed.
]]></system-out>
  <system-err><![CDATA[]]></system-err>
</testsuite>
